Change Component Designator: OldDesignator=C? NewDesignator=C1
Change Component Designator: OldDesignator=C? NewDesignator=C2
Change Component Designator: OldDesignator=C? NewDesignator=C3
Change Component Designator: OldDesignator=C? NewDesignator=C4
Change Component Designator: OldDesignator=C? NewDesignator=C5
Change Component Designator: OldDesignator=C? NewDesignator=C7
Change Component Designator: OldDesignator=C? NewDesignator=C8
Change Component Designator: OldDesignator=C? NewDesignator=C9
Change Component Designator: OldDesignator=C? NewDesignator=C10
Change Component Designator: OldDesignator=C? NewDesignator=C15
Change Net Name : Old Net Name=NetC?_2 New Net Name=NetC15_2
Added Member To Class: ClassName=Ethe01Pro Member=Component C1 0.1uF 100V
Added Member To Class: ClassName=Ethe01Pro Member=Component C2 0.1uF 100V
Added Member To Class: ClassName=Ethe01Pro Member=Component C3 0.1uF 100V
Added Member To Class: ClassName=Ethe01Pro Member=Component C4 0.1uF 100V
Added Member To Class: ClassName=Ethe01Pro Member=Component C5 0.1uF 100V
Added Member To Class: ClassName=Ethe01Pro Member=Component C7 0.1uF 04020
Added Member To Class: ClassName=Ethe01Pro Member=Component C8 1uF 0402
Added Member To Class: ClassName=Ethe01Pro Member=Component C9 C0402C100K5GACTU
Added Member To Class: ClassName=Ethe01Pro Member=Component C10 C0402C100K5GACTU
