Removed Pin From Net: NetName=+5 Pin=U?-1
Removed Pin From Net: NetName=GND Pin=U?-2
Removed Pin From Net: NetName=NetC?_2 Pin=U?-5
Change Component Designator: OldDesignator=* NewDesignator=*1
Change Component Designator: OldDesignator=*? NewDesignator=*2
Change Component Designator: OldDesignator=C? NewDesignator=C1
Change Component Designator: OldDesignator=C? NewDesignator=C2
Change Component Designator: OldDesignator=C? NewDesignator=C3
Change Component Designator: OldDesignator=C? NewDesignator=C4
Change Component Designator: OldDesignator=C? NewDesignator=C5
Change Component Designator: OldDesignator=C? NewDesignator=C6
Change Component Designator: OldDesignator=C? NewDesignator=C7
Change Component Designator: OldDesignator=C? NewDesignator=C8
Change Component Designator: OldDesignator=C? NewDesignator=C9
Change Component Designator: OldDesignator=C? NewDesignator=C10
Change Component Designator: OldDesignator=C? NewDesignator=C11
Change Component Designator: OldDesignator=C? NewDesignator=C12
Change Component Designator: OldDesignator=C? NewDesignator=C13
Change Component Designator: OldDesignator=C? NewDesignator=C14
Change Component Designator: OldDesignator=C? NewDesignator=C15
Change Component Designator: OldDesignator=C? NewDesignator=C16
Change Component Designator: OldDesignator=C? NewDesignator=C17
Change Component Designator: OldDesignator=C? NewDesignator=C18
Change Component Designator: OldDesignator=C? NewDesignator=C19
Change Component Designator: OldDesignator=J? NewDesignator=J1
Change Component Designator: OldDesignator=JP? NewDesignator=JP1
Change Component Designator: OldDesignator=JP? NewDesignator=JP2
Change Component Designator: OldDesignator=L? NewDesignator=L1
Change Component Designator: OldDesignator=LD? NewDesignator=LD1
Change Component Designator: OldDesignator=LD? NewDesignator=LD2
Change Component Designator: OldDesignator=LD? NewDesignator=LD3
Change Component Designator: OldDesignator=R? NewDesignator=R1
Change Component Designator: OldDesignator=R? NewDesignator=R2
Change Component Designator: OldDesignator=R? NewDesignator=R3
Change Component Designator: OldDesignator=R? NewDesignator=R4
Change Component Designator: OldDesignator=R? NewDesignator=R5
Change Component Designator: OldDesignator=R? NewDesignator=R6
Change Component Designator: OldDesignator=R? NewDesignator=R7
Change Component Designator: OldDesignator=R? NewDesignator=R8
Change Component Designator: OldDesignator=R? NewDesignator=R9
Change Component Designator: OldDesignator=R? NewDesignator=R10
Change Component Designator: OldDesignator=R? NewDesignator=R11
Change Component Designator: OldDesignator=R? NewDesignator=R12
Change Component Designator: OldDesignator=R? NewDesignator=R13
Change Component Designator: OldDesignator=R? NewDesignator=R14
Change Component Designator: OldDesignator=R? NewDesignator=R15
Change Component Designator: OldDesignator=R? NewDesignator=R16
Change Component Designator: OldDesignator=R? NewDesignator=R17
Change Component Designator: OldDesignator=R? NewDesignator=R18
Change Component Designator: OldDesignator=R? NewDesignator=R19
Change Component Designator: OldDesignator=R? NewDesignator=R20
Change Component Designator: OldDesignator=R? NewDesignator=R21
Change Component Designator: OldDesignator=U? NewDesignator=U1
Change Component Designator: OldDesignator=U? NewDesignator=U2
Change Component Designator: OldDesignator=X?? NewDesignator=X1
Add Component: Footprint Not Found SOT95P280X145-5N
Added Pin To Net: NetName=ESP_EN Pin=U2-2
Added Pin To Net: NetName=C3_IO4 Pin=U2-3
Added Pin To Net: NetName=C3_IO6 Pin=U2-5
Add Pin To Net: Unknown Pin: Pin U3-1
Add Pin To Net: Unknown Pin: Pin U3-2
Add Pin To Net: Unknown Pin: Pin U3-4
Add Pin To Net: Unknown Pin: Pin U3-5
Change Net Name : Old Net Name=NetC?_1 New Net Name=NetC11_1
Change Net Name : Old Net Name=NetC?_2 New Net Name=NetC15_2
Change Net Name : Old Net Name=NetJ?_12 New Net Name=NetJ1_12
Change Net Name : Old Net Name=NetJ?_14 New Net Name=NetJ1_14
Change Net Name : Old Net Name=NetLD?_2 New Net Name=NetLD2_2
Change Net Name : Old Net Name=NetR?_2 New Net Name=NetR3_2
Added Pin To Net: NetName=NetC12_1 Pin=C12-1
Added Pin To Net: NetName=NetC12_1 Pin=R16-2
Added Pin To Net: NetName=NetC12_1 Pin=R17-1
Added Net: Name=NetC12_1
Added Pin To Net: NetName=NetC13_1 Pin=C13-1
Added Pin To Net: NetName=NetC13_1 Pin=J1-S1
Added Net: Name=NetC13_1
Added Pin To Net: NetName=NetC14_1 Pin=C14-1
Added Pin To Net: NetName=NetC14_1 Pin=J1-S2
Added Net: Name=NetC14_1
Added Pin To Net: NetName=NetL1_1 Pin=L1-1
Added Net: Name=NetL1_1
Added Pin To Net: NetName=NetLD1_2 Pin=LD1-2
Added Pin To Net: NetName=NetLD1_2 Pin=R6-1
Added Net: Name=NetLD1_2
Added Pin To Net: NetName=NetLD3_2 Pin=LD3-2
Added Pin To Net: NetName=NetLD3_2 Pin=R9-1
Added Net: Name=NetLD3_2
Added Pin To Net: NetName=NetR5_2 Pin=R5-2
Added Pin To Net: NetName=NetR5_2 Pin=U1-9
Added Net: Name=NetR5_2
Added Member To Class: ClassName=Ethe01Pro Member=Component C1 100nF-0603
Added Member To Class: ClassName=Ethe01Pro Member=Component C2 100nF-0603
Added Member To Class: ClassName=Ethe01Pro Member=Component C3 100nF-0603
Added Member To Class: ClassName=Ethe01Pro Member=Component C4 100nF-0603
Added Member To Class: ClassName=Ethe01Pro Member=Component C5 100nF-0603
Added Member To Class: ClassName=Ethe01Pro Member=Component C6 22uF-0603
Added Member To Class: ClassName=Ethe01Pro Member=Component C7 100nF-0603
Added Member To Class: ClassName=Ethe01Pro Member=Component C8 1uF-0603
Added Member To Class: ClassName=Ethe01Pro Member=Component C9 10pF-0603
Added Member To Class: ClassName=Ethe01Pro Member=Component C10 10pF-0603
Added Member To Class: ClassName=Ethe01Pro Member=Component C11 100nF-0603
Added Member To Class: ClassName=Ethe01Pro Member=Component C12 100nF-0603
Added Member To Class: ClassName=Ethe01Pro Member=Component C13 1nF-0603
Added Member To Class: ClassName=Ethe01Pro Member=Component C14 1nF-0603
Added Member To Class: ClassName=Ethe01Pro Member=Component C15 22uF-0603
Added Member To Class: ClassName=Ethe01Pro Member=Component C16 22uF-0603
Added Member To Class: ClassName=Ethe01Pro Member=Component C17 22uF-0603
Added Member To Class: ClassName=Ethe01Pro Member=Component C18 10uF-0603
Added Member To Class: ClassName=Ethe01Pro Member=Component JP2 JP4
Added Member To Class: ClassName=Ethe01Pro Member=Component LD1 LED-GREEN
Added Member To Class: ClassName=Ethe01Pro Member=Component LD3 LED-RED
Added Member To Class: ClassName=Ethe01Pro Member=Component R2 10K-0603
Added Member To Class: ClassName=Ethe01Pro Member=Component R3 6K8-0603
Added Member To Class: ClassName=Ethe01Pro Member=Component R4 20K-0603
Added Member To Class: ClassName=Ethe01Pro Member=Component R5 10K-0603
Added Member To Class: ClassName=Ethe01Pro Member=Component R6 1K-0603
Added Member To Class: ClassName=Ethe01Pro Member=Component R7 20K-0603
Added Member To Class: ClassName=Ethe01Pro Member=Component R8 1K-0603
Added Member To Class: ClassName=Ethe01Pro Member=Component R9 1K-0603
Added Member To Class: ClassName=Ethe01Pro Member=Component R10 20K-0603
Added Member To Class: ClassName=Ethe01Pro Member=Component R11 22R-0603
Added Member To Class: ClassName=Ethe01Pro Member=Component R12 22R-0603
Added Member To Class: ClassName=Ethe01Pro Member=Component R13 62R-0603
Added Member To Class: ClassName=Ethe01Pro Member=Component R14 62R-0603
Added Member To Class: ClassName=Ethe01Pro Member=Component R15 22R-0603
Added Member To Class: ClassName=Ethe01Pro Member=Component R16 62R-0603
Added Member To Class: ClassName=Ethe01Pro Member=Component R17 62R-0603
Added Member To Class: ClassName=Ethe01Pro Member=Component R18 330R-0603
Added Member To Class: ClassName=Ethe01Pro Member=Component R19 330R-0603
Added Member To Class: ClassName=Ethe01Pro Member=Component R20 100K-0603
Added Member To Class: ClassName=Ethe01Pro Member=Component R21 20K-0603
Added Member To Class: ClassName=Ethe01Pro Member=Component U2 ESP32-C3-WROOM-02-H4
Add Class Member: Failed to add class member : Component U3 ETA3417
